[debug] [2026-02-20T13:18:14.924Z] ----------------------------------------------------------------------
[debug] [2026-02-20T13:18:14.926Z] Command:       C:\Program Files\nodejs\node.exe C:\Users\casta\AppData\Roaming\npm\node_modules\firebase-tools\lib\bin\firebase.js deploy
[debug] [2026-02-20T13:18:14.926Z] CLI Version:   14.0.1
[debug] [2026-02-20T13:18:14.926Z] Platform:      win32
[debug] [2026-02-20T13:18:14.926Z] Node Version:  v21.4.0
[debug] [2026-02-20T13:18:14.927Z] Time:          Fri Feb 20 2026 14:18:14 GMT+0100 (Ora standard dell’Europa centrale)
[debug] [2026-02-20T13:18:14.927Z] ----------------------------------------------------------------------
[debug] 
[debug] [2026-02-20T13:18:14.929Z] >>> [apiv2][query] GET https://firebase-public.firebaseio.com/cli.json [none]
[debug] [2026-02-20T13:18:15.157Z] > command requires scopes: ["email","openid","https://www.googleapis.com/auth/cloudplatformprojects.readonly","https://www.googleapis.com/auth/firebase","https://www.googleapis.com/auth/cloud-platform"]
[debug] [2026-02-20T13:18:15.158Z] > authorizing via signed-in user (castaldo.samuele@gmail.com)
[debug] [2026-02-20T13:18:15.158Z] [iam] checking project liguorisrl-38c83 for permissions ["firebase.projects.get","firebasehosting.sites.update"]
[debug] [2026-02-20T13:18:15.158Z] Checked if tokens are valid: false, expires at: 1743590225199
[debug] [2026-02-20T13:18:15.158Z] Checked if tokens are valid: false, expires at: 1743590225199
[debug] [2026-02-20T13:18:15.159Z] > refreshing access token with scopes: []
[debug] [2026-02-20T13:18:15.159Z] >>> [apiv2][query] POST https://www.googleapis.com/oauth2/v3/token [none]
[debug] [2026-02-20T13:18:15.159Z] >>> [apiv2][body] POST https://www.googleapis.com/oauth2/v3/token [omitted]
[debug] [2026-02-20T13:18:15.327Z] <<< [apiv2][status] POST https://www.googleapis.com/oauth2/v3/token 400
[debug] [2026-02-20T13:18:15.327Z] <<< [apiv2][body] POST https://www.googleapis.com/oauth2/v3/token [omitted]
[debug] [2026-02-20T13:18:15.328Z] >>> [apiv2][query] POST https://cloudresourcemanager.googleapis.com/v1/projects/liguorisrl-38c83:testIamPermissions [none]
[debug] [2026-02-20T13:18:15.328Z] >>> [apiv2][(partial)header] POST https://cloudresourcemanager.googleapis.com/v1/projects/liguorisrl-38c83:testIamPermissions x-goog-quota-user=projects/liguorisrl-38c83
[debug] [2026-02-20T13:18:15.328Z] >>> [apiv2][body] POST https://cloudresourcemanager.googleapis.com/v1/projects/liguorisrl-38c83:testIamPermissions {"permissions":["firebase.projects.get","firebasehosting.sites.update"]}
[debug] [2026-02-20T13:18:15.482Z] <<< [apiv2][status] GET https://firebase-public.firebaseio.com/cli.json 200
[debug] [2026-02-20T13:18:15.482Z] <<< [apiv2][body] GET https://firebase-public.firebaseio.com/cli.json {"cloudBuildErrorAfter":1594252800000,"cloudBuildWarnAfter":1590019200000,"defaultNode10After":1594252800000,"minVersion":"3.0.5","node8DeploysDisabledAfter":1613390400000,"node8RuntimeDisabledAfter":1615809600000,"node8WarnAfter":1600128000000}
[debug] [2026-02-20T13:18:16.135Z] <<< [apiv2][status] POST https://cloudresourcemanager.googleapis.com/v1/projects/liguorisrl-38c83:testIamPermissions 401
[debug] [2026-02-20T13:18:16.135Z] <<< [apiv2][body] POST https://cloudresourcemanager.googleapis.com/v1/projects/liguorisrl-38c83:testIamPermissions {"error":{"code":401,"message":"Request had invalid authentication credentials. Expected OAuth 2 access token, login cookie or other valid authentication credential. See https://developers.google.com/identity/sign-in/web/devconsole-project.","status":"UNAUTHENTICATED","details":[{"@type":"type.googleapis.com/google.rpc.ErrorInfo","reason":"ACCESS_TOKEN_TYPE_UNSUPPORTED","metadata":{"service":"cloudresourcemanager.googleapis.com","method":"google.cloudresourcemanager.v1.Projects.TestIamPermissions"}}]}}
[debug] [2026-02-20T13:18:16.135Z] Got a 401 Unauthenticated error for a call that required authentication. Refreshing tokens.
[debug] [2026-02-20T13:18:16.135Z] Checked if tokens are valid: false, expires at: 1743590225199
[debug] [2026-02-20T13:18:16.136Z] Checked if tokens are valid: false, expires at: 1743590225199
[debug] [2026-02-20T13:18:16.136Z] > refreshing access token with scopes: []
[debug] [2026-02-20T13:18:16.136Z] >>> [apiv2][query] POST https://www.googleapis.com/oauth2/v3/token [none]
[debug] [2026-02-20T13:18:16.136Z] >>> [apiv2][body] POST https://www.googleapis.com/oauth2/v3/token [omitted]
[debug] [2026-02-20T13:18:16.199Z] <<< [apiv2][status] POST https://www.googleapis.com/oauth2/v3/token 400
[debug] [2026-02-20T13:18:16.199Z] <<< [apiv2][body] POST https://www.googleapis.com/oauth2/v3/token [omitted]
[debug] [2026-02-20T13:18:16.199Z] [iam] error while checking permissions, command may fail: Request to https://cloudresourcemanager.googleapis.com/v1/projects/liguorisrl-38c83:testIamPermissions had HTTP Error: 401, Request had invalid authentication credentials. Expected OAuth 2 access token, login cookie or other valid authentication credential. See https://developers.google.com/identity/sign-in/web/devconsole-project.
[debug] [2026-02-20T13:18:16.200Z] Checked if tokens are valid: false, expires at: 1743590225199
[debug] [2026-02-20T13:18:16.200Z] Checked if tokens are valid: false, expires at: 1743590225199
[debug] [2026-02-20T13:18:16.200Z] > refreshing access token with scopes: []
[debug] [2026-02-20T13:18:16.200Z] >>> [apiv2][query] POST https://www.googleapis.com/oauth2/v3/token [none]
[debug] [2026-02-20T13:18:16.200Z] >>> [apiv2][body] POST https://www.googleapis.com/oauth2/v3/token [omitted]
[debug] [2026-02-20T13:18:16.249Z] <<< [apiv2][status] POST https://www.googleapis.com/oauth2/v3/token 400
[debug] [2026-02-20T13:18:16.249Z] <<< [apiv2][body] POST https://www.googleapis.com/oauth2/v3/token [omitted]
[debug] [2026-02-20T13:18:16.250Z] >>> [apiv2][query] GET https://firebase.googleapis.com/v1beta1/projects/liguorisrl-38c83 [none]
[debug] [2026-02-20T13:18:16.969Z] <<< [apiv2][status] GET https://firebase.googleapis.com/v1beta1/projects/liguorisrl-38c83 401
[debug] [2026-02-20T13:18:16.969Z] <<< [apiv2][body] GET https://firebase.googleapis.com/v1beta1/projects/liguorisrl-38c83 {"error":{"code":401,"message":"Request had invalid authentication credentials. Expected OAuth 2 access token, login cookie or other valid authentication credential. See https://developers.google.com/identity/sign-in/web/devconsole-project.","status":"UNAUTHENTICATED"}}
[debug] [2026-02-20T13:18:16.969Z] Got a 401 Unauthenticated error for a call that required authentication. Refreshing tokens.
[debug] [2026-02-20T13:18:16.969Z] Checked if tokens are valid: false, expires at: 1743590225199
[debug] [2026-02-20T13:18:16.969Z] Checked if tokens are valid: false, expires at: 1743590225199
[debug] [2026-02-20T13:18:16.969Z] > refreshing access token with scopes: []
[debug] [2026-02-20T13:18:16.970Z] >>> [apiv2][query] POST https://www.googleapis.com/oauth2/v3/token [none]
[debug] [2026-02-20T13:18:16.970Z] >>> [apiv2][body] POST https://www.googleapis.com/oauth2/v3/token [omitted]
[debug] [2026-02-20T13:18:17.016Z] <<< [apiv2][status] POST https://www.googleapis.com/oauth2/v3/token 400
[debug] [2026-02-20T13:18:17.017Z] <<< [apiv2][body] POST https://www.googleapis.com/oauth2/v3/token [omitted]
[debug] [2026-02-20T13:18:17.018Z] Request to https://firebase.googleapis.com/v1beta1/projects/liguorisrl-38c83 had HTTP Error: 401, Request had invalid authentication credentials. Expected OAuth 2 access token, login cookie or other valid authentication credential. See https://developers.google.com/identity/sign-in/web/devconsole-project.
[error] 
[error] Error: Assertion failed: resolving hosting target of a site with no site name or target name. This should have caused an error earlier
